baselineprofile/build/intermediates/manifest_merge_blame_file/debug/processDebugManifest/manifest-merger-blame-debug-report.txt
1<?xml version="1.0" encoding="utf-8"?>
2<manifest xmlns:android="http://schemas.android.com/apk/res/android"
3    package="com.shvarsman.menuplanner.baselineprofile" >
4
5    <uses-sdk
5-->manifest\debug\tempFile2ProcessTestManifest11842784963935458565.xml:5:5-7:41
6        android:minSdkVersion="28"
6-->manifest\debug\tempFile2ProcessTestManifest11842784963935458565.xml:6:9-35
7        android:targetSdkVersion="37" />
7-->manifest\debug\tempFile2ProcessTestManifest11842784963935458565.xml:7:9-38
8
9    <instrumentation
9-->manifest\debug\tempFile2ProcessTestManifest11842784963935458565.xml:9:5-14:61
10        android:name="androidx.test.runner.AndroidJUnitRunner"
10-->manifest\debug\tempFile2ProcessTestManifest11842784963935458565.xml:10:9-63
11        android:functionalTest="false"
11-->manifest\debug\tempFile2ProcessTestManifest11842784963935458565.xml:11:9-39
12        android:handleProfiling="false"
12-->manifest\debug\tempFile2ProcessTestManifest11842784963935458565.xml:12:9-40
13        android:label="Tests for com.shvarsman.menuplanner"
13-->manifest\debug\tempFile2ProcessTestManifest11842784963935458565.xml:13:9-60
14        android:targetPackage="com.shvarsman.menuplanner" />
14-->manifest\debug\tempFile2ProcessTestManifest11842784963935458565.xml:14:9-58
15
16    <!--
17    This is needed to write benchmark report data to an external directory during instrumented
18    tests to allow the accompanying androidx.benchmark gradle plugin to pull the reports onto host
19     machine after the tests are done running.
20    -->
21    <uses-permission android:name="android.permission.WRITE_EXTERNAL_STORAGE" />
21-->[androidx.benchmark:benchmark-common:1.4.1] AndroidManifest.xml:27:5-81
21-->[androidx.benchmark:benchmark-common:1.4.1] AndroidManifest.xml:27:22-78
22    <uses-permission android:name="android.permission.READ_EXTERNAL_STORAGE" />
23    <uses-permission android:name="android.permission.QUERY_ALL_PACKAGES" />
23-->[androidx.benchmark:benchmark-macro:1.4.1] AndroidManifest.xml:23:5-25:53
23-->[androidx.benchmark:benchmark-macro:1.4.1] AndroidManifest.xml:24:9-61
24    <!--
25         Internet permission is required for perfetto trace shell processor http server but
26        it's used to reach localhost only
27    -->
28    <uses-permission android:name="android.permission.INTERNET" />
28-->[androidx.benchmark:benchmark-macro:1.4.1] AndroidManifest.xml:31:5-67
28-->[androidx.benchmark:benchmark-macro:1.4.1] AndroidManifest.xml:31:22-64
29    <uses-permission android:name="android.permission.REORDER_TASKS" />
29-->[androidx.test:core:1.7.0] AndroidManifest.xml:24:5-72
29-->[androidx.test:core:1.7.0] AndroidManifest.xml:24:22-69
30
31    <queries>
31-->[androidx.test:runner:1.7.0] AndroidManifest.xml:24:5-28:15
32        <package android:name="androidx.test.orchestrator" />
32-->[androidx.test:runner:1.7.0] AndroidManifest.xml:25:9-62
32-->[androidx.test:runner:1.7.0] AndroidManifest.xml:25:18-59
33        <package android:name="androidx.test.services" />
33-->[androidx.test:runner:1.7.0] AndroidManifest.xml:26:9-58
33-->[androidx.test:runner:1.7.0] AndroidManifest.xml:26:18-55
34        <package android:name="com.google.android.apps.common.testing.services" />
34-->[androidx.test:runner:1.7.0] AndroidManifest.xml:27:9-83
34-->[androidx.test:runner:1.7.0] AndroidManifest.xml:27:18-80
35    </queries>
36
37    <application
37-->manifest\debug\tempFile2ProcessTestManifest11842784963935458565.xml:16:5-20
38        android:debuggable="true"
39        android:extractNativeLibs="false"
39-->INJECTED
40        android:networkSecurityConfig="@xml/network_security_config" > <!-- Activity used to block background content while benchmarks are running -->
40-->[androidx.benchmark:benchmark-macro:1.4.1] AndroidManifest.xml:42:18-78
41        <activity
41-->[androidx.benchmark:benchmark-common:1.4.1] AndroidManifest.xml:32:9-36:20
42            android:name="androidx.benchmark.IsolationActivity"
42-->[androidx.benchmark:benchmark-common:1.4.1] AndroidManifest.xml:33:13-64
43            android:exported="true"
43-->[androidx.benchmark:benchmark-common:1.4.1] AndroidManifest.xml:34:13-36
44            android:theme="@android:style/Theme.Light.NoTitleBar.Fullscreen" >
44-->[androidx.benchmark:benchmark-common:1.4.1] AndroidManifest.xml:35:13-77
45        </activity> <!-- For optional XrExtensions usage in GestureController -->
46        <uses-library
46-->[androidx.test.uiautomator:uiautomator:2.4.0] AndroidManifest.xml:25:9-27:40
47            android:name="com.android.extensions.xr"
47-->[androidx.test.uiautomator:uiautomator:2.4.0] AndroidManifest.xml:26:13-53
48            android:required="false" />
48-->[androidx.test.uiautomator:uiautomator:2.4.0] AndroidManifest.xml:27:13-37
49
50        <activity
50-->[androidx.test:core:1.7.0] AndroidManifest.xml:27:9-34:20
51            android:name="androidx.test.core.app.InstrumentationActivityInvoker$BootstrapActivity"
51-->[androidx.test:core:1.7.0] AndroidManifest.xml:28:13-99
52            android:exported="true"
52-->[androidx.test:core:1.7.0] AndroidManifest.xml:29:13-36
53            android:theme="@style/WhiteBackgroundTheme" >
53-->[androidx.test:core:1.7.0] AndroidManifest.xml:30:13-56
54            <intent-filter android:priority="-100" >
54-->[androidx.test:core:1.7.0] AndroidManifest.xml:31:13-33:29
54-->[androidx.test:core:1.7.0] AndroidManifest.xml:31:28-51
55                <category android:name="android.intent.category.LAUNCHER" />
55-->[androidx.test:core:1.7.0] AndroidManifest.xml:32:17-77
55-->[androidx.test:core:1.7.0] AndroidManifest.xml:32:27-74
56            </intent-filter>
57        </activity>
58        <activity
58-->[androidx.test:core:1.7.0] AndroidManifest.xml:35:9-42:20
59            android:name="androidx.test.core.app.InstrumentationActivityInvoker$EmptyActivity"
59-->[androidx.test:core:1.7.0] AndroidManifest.xml:36:13-95
60            android:exported="true"
60-->[androidx.test:core:1.7.0] AndroidManifest.xml:37:13-36
61            android:theme="@style/WhiteBackgroundTheme" >
61-->[androidx.test:core:1.7.0] AndroidManifest.xml:38:13-56
62            <intent-filter android:priority="-100" >
62-->[androidx.test:core:1.7.0] AndroidManifest.xml:31:13-33:29
62-->[androidx.test:core:1.7.0] AndroidManifest.xml:31:28-51
63                <category android:name="android.intent.category.LAUNCHER" />
63-->[androidx.test:core:1.7.0] AndroidManifest.xml:32:17-77
63-->[androidx.test:core:1.7.0] AndroidManifest.xml:32:27-74
64            </intent-filter>
65        </activity>
66        <activity
66-->[androidx.test:core:1.7.0] AndroidManifest.xml:43:9-50:20
67            android:name="androidx.test.core.app.InstrumentationActivityInvoker$EmptyFloatingActivity"
67-->[androidx.test:core:1.7.0] AndroidManifest.xml:44:13-103
68            android:exported="true"
68-->[androidx.test:core:1.7.0] AndroidManifest.xml:45:13-36
69            android:theme="@style/WhiteBackgroundDialogTheme" >
69-->[androidx.test:core:1.7.0] AndroidManifest.xml:46:13-62
70            <intent-filter android:priority="-100" >
70-->[androidx.test:core:1.7.0] AndroidManifest.xml:31:13-33:29
70-->[androidx.test:core:1.7.0] AndroidManifest.xml:31:28-51
71                <category android:name="android.intent.category.LAUNCHER" />
71-->[androidx.test:core:1.7.0] AndroidManifest.xml:32:17-77
71-->[androidx.test:core:1.7.0] AndroidManifest.xml:32:27-74
72            </intent-filter>
73        </activity>
74
75        <receiver
75-->[androidx.tracing:tracing-perfetto:1.0.0] AndroidManifest.xml:24:9-37:20
76            android:name="androidx.tracing.perfetto.TracingReceiver"
76-->[androidx.tracing:tracing-perfetto:1.0.0] AndroidManifest.xml:25:13-69
77            android:directBootAware="false"
77-->[androidx.tracing:tracing-perfetto:1.0.0] AndroidManifest.xml:26:13-44
78            android:enabled="true"
78-->[androidx.tracing:tracing-perfetto:1.0.0] AndroidManifest.xml:27:13-35
79            android:exported="true"
79-->[androidx.tracing:tracing-perfetto:1.0.0] AndroidManifest.xml:28:13-36
80            android:permission="android.permission.DUMP" >
80-->[androidx.tracing:tracing-perfetto:1.0.0] AndroidManifest.xml:29:13-57
81
82            <!-- Note: DUMP above highly limits who can call the receiver; Shell has DUMP perm. -->
83            <intent-filter>
83-->[androidx.tracing:tracing-perfetto:1.0.0] AndroidManifest.xml:32:13-36:29
84                <action android:name="androidx.tracing.perfetto.action.ENABLE_TRACING" />
84-->[androidx.tracing:tracing-perfetto:1.0.0] AndroidManifest.xml:33:17-90
84-->[androidx.tracing:tracing-perfetto:1.0.0] AndroidManifest.xml:33:25-87
85                <action android:name="androidx.tracing.perfetto.action.ENABLE_TRACING_COLD_START" />
85-->[androidx.tracing:tracing-perfetto:1.0.0] AndroidManifest.xml:34:17-101
85-->[androidx.tracing:tracing-perfetto:1.0.0] AndroidManifest.xml:34:25-98
86                <action android:name="androidx.tracing.perfetto.action.DISABLE_TRACING_COLD_START" />
86-->[androidx.tracing:tracing-perfetto:1.0.0] AndroidManifest.xml:35:17-102
86-->[androidx.tracing:tracing-perfetto:1.0.0] AndroidManifest.xml:35:25-99
87            </intent-filter>
88        </receiver>
89
90        <provider
90-->[androidx.tracing:tracing-perfetto:1.0.0] AndroidManifest.xml:39:9-47:20
91            android:name="androidx.startup.InitializationProvider"
91-->[androidx.tracing:tracing-perfetto:1.0.0] AndroidManifest.xml:40:13-67
92            android:authorities="com.shvarsman.menuplanner.baselineprofile.androidx-startup"
92-->[androidx.tracing:tracing-perfetto:1.0.0] AndroidManifest.xml:41:13-68
93            android:exported="false" >
93-->[androidx.tracing:tracing-perfetto:1.0.0] AndroidManifest.xml:42:13-37
94            <meta-data
94-->[androidx.tracing:tracing-perfetto:1.0.0] AndroidManifest.xml:44:13-46:52
95                android:name="androidx.tracing.perfetto.StartupTracingInitializer"
95-->[androidx.tracing:tracing-perfetto:1.0.0] AndroidManifest.xml:45:17-83
96                android:value="androidx.startup" />
96-->[androidx.tracing:tracing-perfetto:1.0.0] AndroidManifest.xml:46:17-49
97        </provider>
98
99        <receiver
99-->[androidx.tracing:tracing-perfetto:1.0.0] AndroidManifest.xml:49:9-55:20
100            android:name="androidx.tracing.perfetto.StartupTracingConfigStoreIsEnabledGate"
100-->[androidx.tracing:tracing-perfetto:1.0.0] AndroidManifest.xml:50:13-92
101            android:directBootAware="false"
101-->[androidx.tracing:tracing-perfetto:1.0.0] AndroidManifest.xml:51:13-44
102            android:enabled="false"
102-->[androidx.tracing:tracing-perfetto:1.0.0] AndroidManifest.xml:52:13-36
103            android:exported="false" >
103-->[androidx.tracing:tracing-perfetto:1.0.0] AndroidManifest.xml:53:13-37
104        </receiver>
105    </application>
106
107</manifest>